build/app/outputs/mapping/release/mapping.txt
# compiler: R8
# compiler_version: 1.5.69
# min_api: 21
# pg_map_id: cdedae4
com.asmita21.flutter.MainActivity -> com.asmita21.flutter.MainActivity:
    void configureFlutterEngine(io.flutter.embedding.engine.FlutterEngine) -> b
...
io.grpc.SynchronizationContext$ManagedRunnable -> d.b.k1$b:
    java.lang.Runnable task -> a
    boolean isCancelled -> b
    boolean hasStarted -> c
io.grpc.SynchronizationContext$ScheduledHandle -> d.b.k1$c:
    io.grpc.SynchronizationContext$ManagedRunnable runnable -> a
    java.util.concurrent.ScheduledFuture future -> b
    void cancel() -> a
    boolean isPending() -> b
io.grpc.ThreadLocalContextStorage -> d.b.l1:
    java.lang.ThreadLocal localContext -> b
    java.util.logging.Logger log -> a
    io.grpc.Context current() -> a
    void detach(io.grpc.Context,io.grpc.Context) -> a
    io.grpc.Context doAttach(io.grpc.Context) -> b
io.grpc.android.AndroidChannelBuilder -> d.b.m1.a:
    io.grpc.ManagedChannelBuilder delegateBuilder -> a
    android.content.Context context -> b
    io.grpc.ManagedChannel build() -> a
    io.grpc.android.AndroidChannelBuilder context(android.content.Context) -> a
    io.grpc.android.AndroidChannelBuilder fromBuilder(io.grpc.ManagedChannelBuilder) -> a
    io.grpc.ManagedChannelBuilder delegate() -> c
    java.lang.Class findOkHttp() -> e
io.grpc.android.AndroidChannelBuilder$1 -> d.b.m1.a$a:
io.grpc.android.AndroidChannelBuilder$AndroidChannel -> d.b.m1.a$b:
    io.grpc.ManagedChannel delegate -> a
    android.content.Context context -> b
    android.net.ConnectivityManager connectivityManager -> c
    android.net.ConnectivityManager access$100(io.grpc.android.AndroidChannelBuilder$AndroidChannel) -> a
    io.grpc.ClientCall newCall(io.grpc.MethodDescriptor,io.grpc.CallOptions) -> a
    android.content.Context access$300(io.grpc.android.AndroidChannelBuilder$AndroidChannel) -> b
    java.lang.String authority() -> b
    io.grpc.ManagedChannel access$400(io.grpc.android.AndroidChannelBuilder$AndroidChannel) -> c
    void enterIdle() -> c
    void resetConnectBackoff() -> d
    void configureNetworkMonitoring() -> e
io.grpc.android.AndroidChannelBuilder$AndroidChannel$1 -> d.b.m1.a$b$a:
    io.grpc.android.AndroidChannelBuilder$AndroidChannel this$0 -> b
    io.grpc.android.AndroidChannelBuilder$AndroidChannel$DefaultNetworkCallback val$defaultNetworkCallback -> a
io.grpc.android.AndroidChannelBuilder$AndroidChannel$2 -> d.b.m1.a$b$b:
    io.grpc.android.AndroidChannelBuilder$AndroidChannel this$0 -> b
    io.grpc.android.AndroidChannelBuilder$AndroidChannel$NetworkReceiver val$networkReceiver -> a
io.grpc.android.AndroidChannelBuilder$AndroidChannel$DefaultNetworkCallback -> d.b.m1.a$b$c:
    io.grpc.android.AndroidChannelBuilder$AndroidChannel this$0 -> b
    boolean isConnected -> a
io.grpc.android.AndroidChannelBuilder$AndroidChannel$NetworkReceiver -> d.b.m1.a$b$d:
    io.grpc.android.AndroidChannelBuilder$AndroidChannel this$0 -> b
    boolean isConnected -> a
io.grpc.internal.AbstractClientStream -> d.b.n1.a:
    io.grpc.internal.TransportTracer transportTracer -> a
    java.util.logging.Logger log -> f
    io.grpc.internal.Framer framer -> b
    boolean shouldBeCountedForInUse -> c
    boolean useGet -> d
    io.grpc.Metadata headers -> e
    void cancel(io.grpc.Status) -> a
    void deliverFrame(io.grpc.internal.WritableBuffer,boolean,boolean,int) -> a
    void halfClose() -> a
    void setDeadline(io.grpc.Deadline) -> a
    void setDecompressorRegistry(io.grpc.DecompressorRegistry) -> a
    void setFullStreamDecompression(boolean) -> a
    void setMaxOutboundMessageSize(int) -> a
    void start(io.grpc.internal.ClientStreamListener) -> a
    void request(int) -> b
    io.grpc.internal.Framer framer() -> c
    void setMaxInboundMessageSize(int) -> c
    io.grpc.internal.AbstractClientStream$TransportState transportState() -> d
    io.grpc.internal.AbstractStream$TransportState transportState() -> d
    io.grpc.internal.AbstractClientStream$Sink abstractClientStreamSink() -> e
    io.grpc.internal.TransportTracer getTransportTracer() -> f
    boolean shouldBeCountedForInUse() -> g
    java.util.logging.Logger access$300() -> h